[0.007s] Invoking command in '/home/albertgm13/Documentos/GitHub/IR2117/tb3_ws/build/obstacles': CMAKE_PREFIX_PATH=/opt/ros/foxy /usr/bin/cmake --build /home/albertgm13/Documentos/GitHub/IR2117/tb3_ws/build/obstacles -- -j1 -l1
[0.077s] [ 50%] Built target detector
[0.089s] [35m[1mScanning dependencies of target avoidance[0m
[0.124s] [ 75%] [32mBuilding CXX object CMakeFiles/avoidance.dir/avoidance.cpp.o[0m
[1.500s] [01m[K/home/albertgm13/Documentos/GitHub/IR2117/tb3_ws/src/obstacles/avoidance.cpp:[m[K In function â€˜[01m[Kint main(int, char**)[m[Kâ€™:
[1.500s] [01m[K/home/albertgm13/Documentos/GitHub/IR2117/tb3_ws/src/obstacles/avoidance.cpp:82:25:[m[K [01;31m[Kerror: [m[Kno matching function for call to â€˜[01m[Krclcpp::GenericRate<std::chrono::_V2::steady_clock>::sleep(std::chrono::milliseconds)[m[Kâ€™
[1.501s]    82 |     loop_rate.sleep(50ms[01;31m[K)[m[K;
[1.501s]       |                         [01;31m[K^[m[K
[1.501s] In file included from [01m[K/opt/ros/foxy/include/rclcpp/timer.hpp:31[m[K,
[1.501s]                  from [01m[K/opt/ros/foxy/include/rclcpp/callback_group.hpp:27[m[K,
[1.501s]                  from [01m[K/opt/ros/foxy/include/rclcpp/any_executable.hpp:20[m[K,
[1.501s]                  from [01m[K/opt/ros/foxy/include/rclcpp/memory_strategy.hpp:24[m[K,
[1.501s]                  from [01m[K/opt/ros/foxy/include/rclcpp/memory_strategies.hpp:18[m[K,
[1.501s]                  from [01m[K/opt/ros/foxy/include/rclcpp/executor_options.hpp:20[m[K,
[1.501s]                  from [01m[K/opt/ros/foxy/include/rclcpp/executor.hpp:33[m[K,
[1.502s]                  from [01m[K/opt/ros/foxy/include/rclcpp/executors/multi_threaded_executor.hpp:26[m[K,
[1.502s]                  from [01m[K/opt/ros/foxy/include/rclcpp/executors.hpp:21[m[K,
[1.502s]                  from [01m[K/opt/ros/foxy/include/rclcpp/rclcpp.hpp:146[m[K,
[1.502s]                  from [01m[K/home/albertgm13/Documentos/GitHub/IR2117/tb3_ws/src/obstacles/avoidance.cpp:4[m[K:
[1.502s] [01m[K/opt/ros/foxy/include/rclcpp/rate.hpp:59:3:[m[K [01;36m[Knote: [m[Kcandidate: â€˜[01m[Kbool rclcpp::GenericRate<Clock>::sleep() [with Clock = std::chrono::_V2::steady_clock][m[Kâ€™
[1.502s]    59 |   [01;36m[Ksleep[m[K()
[1.502s]       |   [01;36m[K^~~~~[m[K
[1.502s] [01m[K/opt/ros/foxy/include/rclcpp/rate.hpp:59:3:[m[K [01;36m[Knote: [m[K  candidate expects 0 arguments, 1 provided
[3.078s] make[2]: *** [CMakeFiles/avoidance.dir/build.make:63: CMakeFiles/avoidance.dir/avoidance.cpp.o] Error 1
[3.080s] make[1]: *** [CMakeFiles/Makefile2:107: CMakeFiles/avoidance.dir/all] Error 2
[3.080s] make: *** [Makefile:141: all] Error 2
[3.083s] Invoked command in '/home/albertgm13/Documentos/GitHub/IR2117/tb3_ws/build/obstacles' returned '2': CMAKE_PREFIX_PATH=/opt/ros/foxy /usr/bin/cmake --build /home/albertgm13/Documentos/GitHub/IR2117/tb3_ws/build/obstacles -- -j1 -l1
