[0.015s] Invoking command in '/home/albertgm13/Documentos/GitHub/IR2117/tb3_ws/build/obstacles': CMAKE_PREFIX_PATH=${CMAKE_PREFIX_PATH}:/opt/ros/foxy /usr/bin/cmake --build /home/albertgm13/Documentos/GitHub/IR2117/tb3_ws/build/obstacles -- -j1 -l1
[0.061s] -- Found ament_cmake: 0.9.11 (/opt/ros/foxy/share/ament_cmake/cmake)
[0.089s] -- Using PYTHON_EXECUTABLE: /usr/bin/python3
[0.269s] -- Found rclcpp: 2.4.2 (/opt/ros/foxy/share/rclcpp/cmake)
[0.298s] -- Using all available rosidl_typesupport_c: rosidl_typesupport_fastrtps_c;rosidl_typesupport_introspection_c
[0.301s] -- Found rosidl_adapter: 1.3.0 (/opt/ros/foxy/share/rosidl_adapter/cmake)
[0.413s] -- Using all available rosidl_typesupport_cpp: rosidl_typesupport_fastrtps_cpp;rosidl_typesupport_introspection_cpp
[0.460s] -- Found rmw_implementation_cmake: 1.0.4 (/opt/ros/foxy/share/rmw_implementation_cmake/cmake)
[0.462s] -- Using RMW implementation 'rmw_fastrtps_cpp' as default
[0.592s] -- Found sensor_msgs: 2.0.5 (/opt/ros/foxy/share/sensor_msgs/cmake)
[0.699s] -- Found example_interfaces: 0.9.1 (/opt/ros/foxy/share/example_interfaces/cmake)
[0.849s] -- Configuring done
[0.863s] -- Generating done
[0.866s] -- Build files have been written to: /home/albertgm13/Documentos/GitHub/IR2117/tb3_ws/build/obstacles
[0.893s] [35m[1mScanning dependencies of target detector[0m
[0.914s] [ 50%] [32mBuilding CXX object CMakeFiles/detector.dir/detector.cpp.o[0m
[2.188s] [01m[K/home/albertgm13/Documentos/GitHub/IR2117/tb3_ws/src/obstacles/detector.cpp:[m[K In function â€˜[01m[Kvoid callback(sensor_msgs::msg::LaserScan_<std::allocator<void> >::SharedPtr)[m[Kâ€™:
[2.188s] [01m[K/home/albertgm13/Documentos/GitHub/IR2117/tb3_ws/src/obstacles/detector.cpp:15:14:[m[K [01;31m[Kerror: [m[Kâ€˜[01m[Kobs_angle_min[m[Kâ€™ was not declared in this scope
[2.188s]    15 |   if((angle>=[01;31m[Kobs_angle_min[m[K) and (angle<=obs_angle_max)){
[2.188s]       |              [01;31m[K^~~~~~~~~~~~~[m[K
[2.190s] [01m[K/home/albertgm13/Documentos/GitHub/IR2117/tb3_ws/src/obstacles/detector.cpp:15:41:[m[K [01;31m[Kerror: [m[Kâ€˜[01m[Kobs_angle_max[m[Kâ€™ was not declared in this scope
[2.190s]    15 |   if((angle>=obs_angle_min) and (angle<=[01;31m[Kobs_angle_max[m[K)){
[2.190s]       |                                         [01;31m[K^~~~~~~~~~~~~[m[K
[2.192s] [01m[K/home/albertgm13/Documentos/GitHub/IR2117/tb3_ws/src/obstacles/detector.cpp:17:14:[m[K [01;31m[Kerror: [m[Kâ€˜[01m[Kobs_distlimite[m[Kâ€™ was not declared in this scope
[2.192s]    17 |    if(range<=[01;31m[Kobs_distlimite[m[K)
[2.192s]       |              [01;31m[K^~~~~~~~~~~~~~[m[K
[2.222s] [01m[K/home/albertgm13/Documentos/GitHub/IR2117/tb3_ws/src/obstacles/detector.cpp:[m[K In function â€˜[01m[Kint main(int, char**)[m[Kâ€™:
[2.222s] [01m[K/home/albertgm13/Documentos/GitHub/IR2117/tb3_ws/src/obstacles/detector.cpp:37:3:[m[K [01;31m[Kerror: [m[Kâ€˜[01m[Kobs_angle_min[m[Kâ€™ was not declared in this scope
[2.222s]    37 |   [01;31m[Kobs_angle_min[m[K=node->get_parameter("obs_angle_min").get_parameter_value().get<double>();
[2.222s]       |   [01;31m[K^~~~~~~~~~~~~[m[K
[2.224s] [01m[K/home/albertgm13/Documentos/GitHub/IR2117/tb3_ws/src/obstacles/detector.cpp:38:3:[m[K [01;31m[Kerror: [m[Kâ€˜[01m[Kobs_angle_max[m[Kâ€™ was not declared in this scope
[2.224s]    38 |   [01;31m[Kobs_angle_max[m[K=node->get_parameter("obs_angle_max").get_parameter_value().get<double>();
[2.224s]       |   [01;31m[K^~~~~~~~~~~~~[m[K
[2.226s] [01m[K/home/albertgm13/Documentos/GitHub/IR2117/tb3_ws/src/obstacles/detector.cpp:39:3:[m[K [01;31m[Kerror: [m[Kâ€˜[01m[Kobs_distlimite[m[Kâ€™ was not declared in this scope
[2.226s]    39 |   [01;31m[Kobs_distlimite[m[K=node->get_parameter("obs_distlimite").get_parameter_value().get<double>();
[2.226s]       |   [01;31m[K^~~~~~~~~~~~~~[m[K
[3.791s] make[2]: *** [CMakeFiles/detector.dir/build.make:63: CMakeFiles/detector.dir/detector.cpp.o] Error 1
[3.793s] make[1]: *** [CMakeFiles/Makefile2:78: CMakeFiles/detector.dir/all] Error 2
[3.793s] make: *** [Makefile:141: all] Error 2
[3.796s] Invoked command in '/home/albertgm13/Documentos/GitHub/IR2117/tb3_ws/build/obstacles' returned '2': CMAKE_PREFIX_PATH=${CMAKE_PREFIX_PATH}:/opt/ros/foxy /usr/bin/cmake --build /home/albertgm13/Documentos/GitHub/IR2117/tb3_ws/build/obstacles -- -j1 -l1
