[0.000000] (-) TimerEvent: {}
[0.000191] (obstacles) JobQueued: {'identifier': 'obstacles', 'dependencies': OrderedDict()}
[0.000237] (robot_trajectory) JobQueued: {'identifier': 'robot_trajectory', 'dependencies': OrderedDict()}
[0.000254] (obstacles) JobStarted: {'identifier': 'obstacles'}
[0.008855] (obstacles) JobProgress: {'identifier': 'obstacles', 'progress': 'cmake'}
[0.009608] (obstacles) JobProgress: {'identifier': 'obstacles', 'progress': 'build'}
[0.010325] (obstacles) Command: {'cmd': ['/usr/bin/cmake', '--build', '/home/albertgm13/Documentos/GitHub/IR2117/tb3_ws/build/obstacles', '--', '-j1', '-l1'], 'cwd': '/home/albertgm13/Documentos/GitHub/IR2117/tb3_ws/build/obstacles', 'env': OrderedDict([('GJS_DEBUG_TOPICS', 'JS ERROR;JS LOG'), ('LESSOPEN', '| /usr/bin/lesspipe %s'), ('USER', 'albertgm13'), ('SSH_AGENT_PID', '965'), ('XDG_SESSION_TYPE', 'x11'), ('SHLVL', '1'), ('LD_LIBRARY_PATH', '/usr/lib/x86_64-linux-gnu/gazebo-11/plugins:/opt/ros/foxy/opt/yaml_cpp_vendor/lib:/opt/ros/foxy/opt/rviz_ogre_vendor/lib:/opt/ros/foxy/lib/x86_64-linux-gnu:/opt/ros/foxy/lib'), ('HOME', '/home/albertgm13'), ('OLDPWD', '/home/albertgm13'), ('DESKTOP_SESSION', 'ubuntu'), ('ROS_PYTHON_VERSION', '3'), ('GNOME_SHELL_SESSION_MODE', 'ubuntu'), ('GTK_MODULES', 'gail:atk-bridge'), ('MANAGERPID', '688'), ('DBUS_SESSION_BUS_ADDRESS', 'unix:path=/run/user/1000/bus'), ('COLORTERM', 'truecolor'), ('IM_CONFIG_PHASE', '1'), ('COLCON_PREFIX_PATH', '/home/albertgm13/Documentos/GitHub/IR2117/tb3_ws/install'), ('ROS_DISTRO', 'foxy'), ('LOGNAME', 'albertgm13'), ('JOURNAL_STREAM', '8:28414'), ('_', '/usr/bin/colcon'), ('ROS_VERSION', '2'), ('XDG_SESSION_CLASS', 'user'), ('USERNAME', 'albertgm13'), ('TERM', 'xterm-256color'), ('GNOME_DESKTOP_SESSION_ID', 'this-is-deprecated'), ('ROS_LOCALHOST_ONLY', '0'), ('WINDOWPATH', '2'), ('PATH', '/opt/ros/foxy/bin:/usr/local/sbin:/usr/local/bin:/usr/sbin:/usr/bin:/sbin:/bin:/usr/games:/usr/local/games:/snap/bin'), ('SESSION_MANAGER', 'local/albertgm13-VirtualBox:@/tmp/.ICE-unix/1002,unix/albertgm13-VirtualBox:/tmp/.ICE-unix/1002'), ('INVOCATION_ID', '2f16cc8eb0d8433d9c283b139d05f6e2'), ('XDG_MENU_PREFIX', 'gnome-'), ('GNOME_TERMINAL_SCREEN', '/org/gnome/Terminal/screen/7004d50d_9c74_424d_8aa4_4d82d854e501'), ('XDG_RUNTIME_DIR', '/run/user/1000'), ('DISPLAY', ':0'), ('LANG', 'es_ES.UTF-8'), ('XDG_CURRENT_DESKTOP', 'ubuntu:GNOME'), ('XMODIFIERS', '@im=ibus'), ('XDG_SESSION_DESKTOP', 'ubuntu'), ('XAUTHORITY', '/run/user/1000/gdm/Xauthority'), ('LS_COLORS', 'rs=0:di=01;34:ln=01;36:mh=00:pi=40;33:so=01;35:do=01;35:bd=40;33;01:cd=40;33;01:or=40;31;01:mi=00:su=37;41:sg=30;43:ca=30;41:tw=30;42:ow=34;42:st=37;44:ex=01;32:*.tar=01;31:*.tgz=01;31:*.arc=01;31:*.arj=01;31:*.taz=01;31:*.lha=01;31:*.lz4=01;31:*.lzh=01;31:*.lzma=01;31:*.tlz=01;31:*.txz=01;31:*.tzo=01;31:*.t7z=01;31:*.zip=01;31:*.z=01;31:*.dz=01;31:*.gz=01;31:*.lrz=01;31:*.lz=01;31:*.lzo=01;31:*.xz=01;31:*.zst=01;31:*.tzst=01;31:*.bz2=01;31:*.bz=01;31:*.tbz=01;31:*.tbz2=01;31:*.tz=01;31:*.deb=01;31:*.rpm=01;31:*.jar=01;31:*.war=01;31:*.ear=01;31:*.sar=01;31:*.rar=01;31:*.alz=01;31:*.ace=01;31:*.zoo=01;31:*.cpio=01;31:*.7z=01;31:*.rz=01;31:*.cab=01;31:*.wim=01;31:*.swm=01;31:*.dwm=01;31:*.esd=01;31:*.jpg=01;35:*.jpeg=01;35:*.mjpg=01;35:*.mjpeg=01;35:*.gif=01;35:*.bmp=01;35:*.pbm=01;35:*.pgm=01;35:*.ppm=01;35:*.tga=01;35:*.xbm=01;35:*.xpm=01;35:*.tif=01;35:*.tiff=01;35:*.png=01;35:*.svg=01;35:*.svgz=01;35:*.mng=01;35:*.pcx=01;35:*.mov=01;35:*.mpg=01;35:*.mpeg=01;35:*.m2v=01;35:*.mkv=01;35:*.webm=01;35:*.ogm=01;35:*.mp4=01;35:*.m4v=01;35:*.mp4v=01;35:*.vob=01;35:*.qt=01;35:*.nuv=01;35:*.wmv=01;35:*.asf=01;35:*.rm=01;35:*.rmvb=01;35:*.flc=01;35:*.avi=01;35:*.fli=01;35:*.flv=01;35:*.gl=01;35:*.dl=01;35:*.xcf=01;35:*.xwd=01;35:*.yuv=01;35:*.cgm=01;35:*.emf=01;35:*.ogv=01;35:*.ogx=01;35:*.aac=00;36:*.au=00;36:*.flac=00;36:*.m4a=00;36:*.mid=00;36:*.midi=00;36:*.mka=00;36:*.mp3=00;36:*.mpc=00;36:*.ogg=00;36:*.ra=00;36:*.wav=00;36:*.oga=00;36:*.opus=00;36:*.spx=00;36:*.xspf=00;36:'), ('GNOME_TERMINAL_SERVICE', ':1.125'), ('SSH_AUTH_SOCK', '/run/user/1000/keyring/ssh'), ('ROS_DOMAIN_ID', '5'), ('AMENT_PREFIX_PATH', '/home/albertgm13/Documentos/GitHub/IR2117/tb3_ws/install/obstacles:/home/albertgm13/Documentos/GitHub/IR2117/tb3_ws/install/examples_topics:/home/albertgm13/Documentos/GitHub/IR2117/tb3_ws/install/robot_trajectory:/opt/ros/foxy'), ('SHELL', '/bin/bash'), ('QT_ACCESSIBILITY', '1'), ('GDMSESSION', 'ubuntu'), ('LESSCLOSE', '/usr/bin/lesspipe %s %s'), ('GPG_AGENT_INFO', '/run/user/1000/gnupg/S.gpg-agent:0:1'), ('GJS_DEBUG_OUTPUT', 'stderr'), ('QT_IM_MODULE', 'ibus'), ('PWD', '/home/albertgm13/Documentos/GitHub/IR2117/tb3_ws/build/obstacles'), ('XDG_CONFIG_DIRS', '/etc/xdg/xdg-ubuntu:/etc/xdg'), ('XDG_DATA_DIRS', '/usr/share/ubuntu:/usr/local/share/:/usr/share/:/var/lib/snapd/desktop'), ('PYTHONPATH', '/opt/ros/foxy/lib/python3.8/site-packages'), ('COLCON', '1'), ('VTE_VERSION', '6003'), ('CMAKE_PREFIX_PATH', '/home/albertgm13/Documentos/GitHub/IR2117/tb3_ws/install/obstacles:/home/albertgm13/Documentos/GitHub/IR2117/tb3_ws/install/examples_topics:/home/albertgm13/Documentos/GitHub/IR2117/tb3_ws/install/robot_trajectory:/opt/ros/foxy')]), 'shell': False}
[0.061322] (obstacles) StdoutLine: {'line': b'-- Found ament_cmake: 0.9.11 (/opt/ros/foxy/share/ament_cmake/cmake)\n'}
[0.088800] (obstacles) StdoutLine: {'line': b'-- Using PYTHON_EXECUTABLE: /usr/bin/python3\n'}
[0.095710] (-) TimerEvent: {}
[0.196076] (-) TimerEvent: {}
[0.268920] (obstacles) StdoutLine: {'line': b'-- Found rclcpp: 2.4.2 (/opt/ros/foxy/share/rclcpp/cmake)\n'}
[0.296180] (-) TimerEvent: {}
[0.298410] (obstacles) StdoutLine: {'line': b'-- Using all available rosidl_typesupport_c: rosidl_typesupport_fastrtps_c;rosidl_typesupport_introspection_c\n'}
[0.301538] (obstacles) StdoutLine: {'line': b'-- Found rosidl_adapter: 1.3.0 (/opt/ros/foxy/share/rosidl_adapter/cmake)\n'}
[0.396310] (-) TimerEvent: {}
[0.413372] (obstacles) StdoutLine: {'line': b'-- Using all available rosidl_typesupport_cpp: rosidl_typesupport_fastrtps_cpp;rosidl_typesupport_introspection_cpp\n'}
[0.460213] (obstacles) StdoutLine: {'line': b'-- Found rmw_implementation_cmake: 1.0.4 (/opt/ros/foxy/share/rmw_implementation_cmake/cmake)\n'}
[0.461708] (obstacles) StdoutLine: {'line': b"-- Using RMW implementation 'rmw_fastrtps_cpp' as default\n"}
[0.496459] (-) TimerEvent: {}
[0.592640] (obstacles) StdoutLine: {'line': b'-- Found sensor_msgs: 2.0.5 (/opt/ros/foxy/share/sensor_msgs/cmake)\n'}
[0.596557] (-) TimerEvent: {}
[0.696882] (-) TimerEvent: {}
[0.699331] (obstacles) StdoutLine: {'line': b'-- Found example_interfaces: 0.9.1 (/opt/ros/foxy/share/example_interfaces/cmake)\n'}
[0.796998] (-) TimerEvent: {}
[0.848781] (obstacles) StdoutLine: {'line': b'-- Configuring done\n'}
[0.863131] (obstacles) StdoutLine: {'line': b'-- Generating done\n'}
[0.866243] (obstacles) StdoutLine: {'line': b'-- Build files have been written to: /home/albertgm13/Documentos/GitHub/IR2117/tb3_ws/build/obstacles\n'}
[0.893551] (obstacles) StdoutLine: {'line': b'\x1b[35m\x1b[1mScanning dependencies of target detector\x1b[0m\n'}
[0.897121] (-) TimerEvent: {}
[0.914533] (obstacles) StdoutLine: {'line': b'[ 50%] \x1b[32mBuilding CXX object CMakeFiles/detector.dir/detector.cpp.o\x1b[0m\n'}
[0.998011] (-) TimerEvent: {}
[1.098594] (-) TimerEvent: {}
[1.199089] (-) TimerEvent: {}
[1.299568] (-) TimerEvent: {}
[1.400149] (-) TimerEvent: {}
[1.500561] (-) TimerEvent: {}
[1.600954] (-) TimerEvent: {}
[1.701443] (-) TimerEvent: {}
[1.801936] (-) TimerEvent: {}
[1.904318] (-) TimerEvent: {}
[2.004720] (-) TimerEvent: {}
[2.105120] (-) TimerEvent: {}
[2.188155] (obstacles) StderrLine: {'line': b'\x1b[01m\x1b[K/home/albertgm13/Documentos/GitHub/IR2117/tb3_ws/src/obstacles/detector.cpp:\x1b[m\x1b[K In function \xe2\x80\x98\x1b[01m\x1b[Kvoid callback(sensor_msgs::msg::LaserScan_<std::allocator<void> >::SharedPtr)\x1b[m\x1b[K\xe2\x80\x99:\n'}
[2.188465] (obstacles) StderrLine: {'line': b'\x1b[01m\x1b[K/home/albertgm13/Documentos/GitHub/IR2117/tb3_ws/src/obstacles/detector.cpp:15:14:\x1b[m\x1b[K \x1b[01;31m\x1b[Kerror: \x1b[m\x1b[K\xe2\x80\x98\x1b[01m\x1b[Kobs_angle_min\x1b[m\x1b[K\xe2\x80\x99 was not declared in this scope\n'}
[2.188589] (obstacles) StderrLine: {'line': b'   15 |   if((angle>=\x1b[01;31m\x1b[Kobs_angle_min\x1b[m\x1b[K) and (angle<=obs_angle_max)){\n'}
[2.188696] (obstacles) StderrLine: {'line': b'      |              \x1b[01;31m\x1b[K^~~~~~~~~~~~~\x1b[m\x1b[K\n'}
[2.190474] (obstacles) StderrLine: {'line': b'\x1b[01m\x1b[K/home/albertgm13/Documentos/GitHub/IR2117/tb3_ws/src/obstacles/detector.cpp:15:41:\x1b[m\x1b[K \x1b[01;31m\x1b[Kerror: \x1b[m\x1b[K\xe2\x80\x98\x1b[01m\x1b[Kobs_angle_max\x1b[m\x1b[K\xe2\x80\x99 was not declared in this scope\n'}
[2.190593] (obstacles) StderrLine: {'line': b'   15 |   if((angle>=obs_angle_min) and (angle<=\x1b[01;31m\x1b[Kobs_angle_max\x1b[m\x1b[K)){\n'}
[2.190691] (obstacles) StderrLine: {'line': b'      |                                         \x1b[01;31m\x1b[K^~~~~~~~~~~~~\x1b[m\x1b[K\n'}
[2.192282] (obstacles) StderrLine: {'line': b'\x1b[01m\x1b[K/home/albertgm13/Documentos/GitHub/IR2117/tb3_ws/src/obstacles/detector.cpp:17:14:\x1b[m\x1b[K \x1b[01;31m\x1b[Kerror: \x1b[m\x1b[K\xe2\x80\x98\x1b[01m\x1b[Kobs_distlimite\x1b[m\x1b[K\xe2\x80\x99 was not declared in this scope\n'}
[2.192400] (obstacles) StderrLine: {'line': b'   17 |    if(range<=\x1b[01;31m\x1b[Kobs_distlimite\x1b[m\x1b[K)\n'}
[2.192496] (obstacles) StderrLine: {'line': b'      |              \x1b[01;31m\x1b[K^~~~~~~~~~~~~~\x1b[m\x1b[K\n'}
[2.205227] (-) TimerEvent: {}
[2.222127] (obstacles) StderrLine: {'line': b'\x1b[01m\x1b[K/home/albertgm13/Documentos/GitHub/IR2117/tb3_ws/src/obstacles/detector.cpp:\x1b[m\x1b[K In function \xe2\x80\x98\x1b[01m\x1b[Kint main(int, char**)\x1b[m\x1b[K\xe2\x80\x99:\n'}
[2.222331] (obstacles) StderrLine: {'line': b'\x1b[01m\x1b[K/home/albertgm13/Documentos/GitHub/IR2117/tb3_ws/src/obstacles/detector.cpp:37:3:\x1b[m\x1b[K \x1b[01;31m\x1b[Kerror: \x1b[m\x1b[K\xe2\x80\x98\x1b[01m\x1b[Kobs_angle_min\x1b[m\x1b[K\xe2\x80\x99 was not declared in this scope\n'}
[2.222434] (obstacles) StderrLine: {'line': b'   37 |   \x1b[01;31m\x1b[Kobs_angle_min\x1b[m\x1b[K=node->get_parameter("obs_angle_min").get_parameter_value().get<double>();\n'}
[2.222580] (obstacles) StderrLine: {'line': b'      |   \x1b[01;31m\x1b[K^~~~~~~~~~~~~\x1b[m\x1b[K\n'}
[2.224328] (obstacles) StderrLine: {'line': b'\x1b[01m\x1b[K/home/albertgm13/Documentos/GitHub/IR2117/tb3_ws/src/obstacles/detector.cpp:38:3:\x1b[m\x1b[K \x1b[01;31m\x1b[Kerror: \x1b[m\x1b[K\xe2\x80\x98\x1b[01m\x1b[Kobs_angle_max\x1b[m\x1b[K\xe2\x80\x99 was not declared in this scope\n'}
[2.224494] (obstacles) StderrLine: {'line': b'   38 |   \x1b[01;31m\x1b[Kobs_angle_max\x1b[m\x1b[K=node->get_parameter("obs_angle_max").get_parameter_value().get<double>();\n'}
[2.224609] (obstacles) StderrLine: {'line': b'      |   \x1b[01;31m\x1b[K^~~~~~~~~~~~~\x1b[m\x1b[K\n'}
[2.226194] (obstacles) StderrLine: {'line': b'\x1b[01m\x1b[K/home/albertgm13/Documentos/GitHub/IR2117/tb3_ws/src/obstacles/detector.cpp:39:3:\x1b[m\x1b[K \x1b[01;31m\x1b[Kerror: \x1b[m\x1b[K\xe2\x80\x98\x1b[01m\x1b[Kobs_distlimite\x1b[m\x1b[K\xe2\x80\x99 was not declared in this scope\n'}
[2.226314] (obstacles) StderrLine: {'line': b'   39 |   \x1b[01;31m\x1b[Kobs_distlimite\x1b[m\x1b[K=node->get_parameter("obs_distlimite").get_parameter_value().get<double>();\n'}
[2.226435] (obstacles) StderrLine: {'line': b'      |   \x1b[01;31m\x1b[K^~~~~~~~~~~~~~\x1b[m\x1b[K\n'}
[2.305868] (-) TimerEvent: {}
[2.406718] (-) TimerEvent: {}
[2.507113] (-) TimerEvent: {}
[2.607657] (-) TimerEvent: {}
[2.708084] (-) TimerEvent: {}
[2.808468] (-) TimerEvent: {}
[2.908851] (-) TimerEvent: {}
[3.009456] (-) TimerEvent: {}
[3.109897] (-) TimerEvent: {}
[3.210429] (-) TimerEvent: {}
[3.310808] (-) TimerEvent: {}
[3.411244] (-) TimerEvent: {}
[3.511753] (-) TimerEvent: {}
[3.612221] (-) TimerEvent: {}
[3.712690] (-) TimerEvent: {}
[3.791354] (obstacles) StderrLine: {'line': b'make[2]: *** [CMakeFiles/detector.dir/build.make:63: CMakeFiles/detector.dir/detector.cpp.o] Error 1\n'}
[3.793511] (obstacles) StderrLine: {'line': b'make[1]: *** [CMakeFiles/Makefile2:78: CMakeFiles/detector.dir/all] Error 2\n'}
[3.793611] (obstacles) StderrLine: {'line': b'make: *** [Makefile:141: all] Error 2\n'}
[3.795276] (obstacles) CommandEnded: {'returncode': 2}
[3.812870] (-) TimerEvent: {}
[3.836188] (obstacles) JobEnded: {'identifier': 'obstacles', 'rc': 2}
[3.837938] (robot_trajectory) JobSkipped: {'identifier': 'robot_trajectory'}
[3.837968] (-) EventReactorShutdown: {}
