[0.024s] Invoking command in '/home/albertgm13/Documentos/GitHub/IR2117/tb3_ws/build/olympic': CMAKE_PREFIX_PATH=${CMAKE_PREFIX_PATH}:/opt/ros/foxy /usr/bin/cmake --build /home/albertgm13/Documentos/GitHub/IR2117/tb3_ws/build/olympic -- -j1 -l1
[0.070s] [35m[1mScanning dependencies of target rings[0m
[0.104s] [ 50%] [32mBuilding CXX object CMakeFiles/rings.dir/src/rings.cpp.o[0m
[2.426s] [01m[K/home/albertgm13/Documentos/GitHub/IR2117/tb3_ws/olympic/src/rings.cpp:[m[K In function â€˜[01m[Kint main(int, char**)[m[Kâ€™:
[2.426s] [01m[K/home/albertgm13/Documentos/GitHub/IR2117/tb3_ws/olympic/src/rings.cpp:53:30:[m[K [01;31m[Kerror: [m[Kfunction template-id â€˜[01m[Kmake_shared<turtlesim::srv::TeleportAbsolute>[m[Kâ€™ in nested-name-specifier
[2.426s]    53 |   auto reqteleportabs = std::[01;31m[Kmake_shared<turtlesim::srv::TeleportAbsolute>[m[K::Request>();
[2.426s]       |                              [01;31m[K^~~~~~~~~~~~~~~~~~~~~~~~~~~~~~~~~~~~~~~~~~~~~[m[K
[2.427s] In file included from [01m[K/usr/include/c++/9/memory:81[m[K,
[2.427s]                  from [01m[K/opt/ros/foxy/include/rclcpp/rclcpp.hpp:144[m[K,
[2.427s]                  from [01m[K/home/albertgm13/Documentos/GitHub/IR2117/tb3_ws/olympic/src/rings.cpp:2[m[K:
[2.427s] [01m[K/usr/include/c++/9/bits/shared_ptr.h:714:5:[m[K [01;36m[Knote: [m[Kâ€˜[01m[Ktemplate<class _Tp, class ... _Args> std::shared_ptr<_Tp> std::make_shared(_Args&& ...)[m[Kâ€™ declared here
[2.427s]   714 |     [01;36m[Kmake_shared[m[K(_Args&&... __args)
[2.427s]       |     [01;36m[K^~~~~~~~~~~[m[K
[2.427s] [01m[K/home/albertgm13/Documentos/GitHub/IR2117/tb3_ws/olympic/src/rings.cpp:53:86:[m[K [01;31m[Kerror: [m[Kexpected primary-expression before â€˜[01m[K)[m[Kâ€™ token
[2.427s]    53 |   auto reqteleportabs = std::make_shared<turtlesim::srv::TeleportAbsolute>::Request>([01;31m[K)[m[K;
[2.427s]       |                                                                                      [01;31m[K^[m[K
[3.667s] make[2]: *** [CMakeFiles/rings.dir/build.make:63: CMakeFiles/rings.dir/src/rings.cpp.o] Error 1
[3.669s] make[1]: *** [CMakeFiles/Makefile2:78: CMakeFiles/rings.dir/all] Error 2
[3.669s] make: *** [Makefile:141: all] Error 2
[3.672s] Invoked command in '/home/albertgm13/Documentos/GitHub/IR2117/tb3_ws/build/olympic' returned '2': CMAKE_PREFIX_PATH=${CMAKE_PREFIX_PATH}:/opt/ros/foxy /usr/bin/cmake --build /home/albertgm13/Documentos/GitHub/IR2117/tb3_ws/build/olympic -- -j1 -l1
