[0.014s] Invoking command in '/home/albertgm13/Documentos/GitHub/IR2117/tb3_ws/build/olympics_interfaces': CMAKE_PREFIX_PATH=${CMAKE_PREFIX_PATH}:/opt/ros/foxy /usr/bin/cmake --build /home/albertgm13/Documentos/GitHub/IR2117/tb3_ws/build/olympics_interfaces -- -j1 -l1
[0.049s] -- Found ament_cmake: 0.9.11 (/opt/ros/foxy/share/ament_cmake/cmake)
[0.067s] -- Using PYTHON_EXECUTABLE: /usr/bin/python3
[0.227s] -- Found ament_lint_auto: 0.9.8 (/opt/ros/foxy/share/ament_lint_auto/cmake)
[0.274s] -- Found rosidl_default_generators: 1.0.1 (/opt/ros/foxy/share/rosidl_default_generators/cmake)
[0.276s] -- Using all available rosidl_typesupport_c: rosidl_typesupport_fastrtps_c;rosidl_typesupport_introspection_c
[0.282s] -- Found rosidl_adapter: 1.3.0 (/opt/ros/foxy/share/rosidl_adapter/cmake)
[0.359s] -- Found OpenSSL: /usr/lib/x86_64-linux-gnu/libcrypto.so (found version "1.1.1f")  
[0.383s] -- Found FastRTPS: /opt/ros/foxy/include  
[0.455s] -- Using all available rosidl_typesupport_cpp: rosidl_typesupport_fastrtps_cpp;rosidl_typesupport_introspection_cpp
[0.495s] -- Found PythonInterp: /usr/bin/python3 (found version "3.8.10") 
[0.641s] CMake Error at /opt/ros/foxy/share/rosidl_adapter/cmake/rosidl_adapt_interfaces.cmake:60 (message):
[0.641s]   execute_process(/usr/bin/python3 -m rosidl_adapter --package-name
[0.641s]   olympics_interfaces --arguments-file
[0.641s]   /home/albertgm13/Documentos/GitHub/IR2117/tb3_ws/build/olympics_interfaces/rosidl_adapter__arguments__olympics_interfaces.json
[0.641s]   --output-dir
[0.642s]   /home/albertgm13/Documentos/GitHub/IR2117/tb3_ws/build/olympics_interfaces/rosidl_adapter/olympics_interfaces
[0.642s]   --output-file
[0.642s]   /home/albertgm13/Documentos/GitHub/IR2117/tb3_ws/build/olympics_interfaces/rosidl_adapter/olympics_interfaces.idls)
[0.643s]   returned error code 1:
[0.643s] 
[0.643s]   Traceback (most recent call last):
[0.643s] 
[0.643s]     File "/usr/lib/python3.8/runpy.py", line 194, in _run_module_as_main
[0.643s]       return _run_code(code, main_globals, None,
[0.643s]     File "/usr/lib/python3.8/runpy.py", line 87, in _run_code
[0.643s]       exec(code, run_globals)
[0.643s]     File "/opt/ros/foxy/lib/python3.8/site-packages/rosidl_adapter/__main__.py", line 19, in <module>
[0.643s]       sys.exit(main())
[0.643s]     File "/opt/ros/foxy/lib/python3.8/site-packages/rosidl_adapter/main.py", line 53, in main
[0.643s]       abs_idl_file = convert_to_idl(
[0.643s]     File "/opt/ros/foxy/lib/python3.8/site-packages/rosidl_adapter/__init__.py", line 29, in convert_to_idl
[0.643s]       return convert_action_to_idl(
[0.643s]     File "/opt/ros/foxy/lib/python3.8/site-packages/rosidl_adapter/action/__init__.py", line 28, in convert_action_to_idl
[0.643s]       action = parse_action_string(package_name, input_file.stem, content)
[0.643s]     File "/opt/ros/foxy/lib/python3.8/site-packages/rosidl_adapter/parser.py", line 892, in parse_action_string
[0.643s]       goal_message = parse_message_string(
[0.643s]     File "/opt/ros/foxy/lib/python3.8/site-packages/rosidl_adapter/parser.py", line 540, in parse_message_string
[0.643s]       msg = MessageSpecification(pkg_name, msg_name, fields, constants)
[0.643s]     File "/opt/ros/foxy/lib/python3.8/site-packages/rosidl_adapter/parser.py", line 387, in __init__
[0.644s]       self.base_type = BaseType(
[0.644s]     File "/opt/ros/foxy/lib/python3.8/site-packages/rosidl_adapter/parser.py", line 204, in __init__
[0.644s]       raise InvalidResourceName(
[0.644s] 
[0.644s]   rosidl_adapter.parser.InvalidResourceName: 'rings_Goal' is an invalid
[0.644s]   message name.  It should have the pattern '^[A-Z][A-Za-z0-9]*$'
[0.644s] 
[0.644s] Call Stack (most recent call first):
[0.644s]   /opt/ros/foxy/share/rosidl_cmake/cmake/rosidl_generate_interfaces.cmake:130 (rosidl_adapt_interfaces)
[0.644s]   CMakeLists.txt:35 (rosidl_generate_interfaces)
[0.645s] 
[0.645s] 
[0.645s] -- Configuring incomplete, errors occurred!
[0.645s] See also "/home/albertgm13/Documentos/GitHub/IR2117/tb3_ws/build/olympics_interfaces/CMakeFiles/CMakeOutput.log".
[0.649s] make: *** [Makefile:222: cmake_check_build_system] Error 1
[0.653s] Invoked command in '/home/albertgm13/Documentos/GitHub/IR2117/tb3_ws/build/olympics_interfaces' returned '2': CMAKE_PREFIX_PATH=${CMAKE_PREFIX_PATH}:/opt/ros/foxy /usr/bin/cmake --build /home/albertgm13/Documentos/GitHub/IR2117/tb3_ws/build/olympics_interfaces -- -j1 -l1
