[01m[K/home/usuario/Documentos/GitHub/IR2117/tb3_ws/src/obstacles/avoidance.cpp:[m[K In function â€˜[01m[Kint main(int, char**)[m[Kâ€™:
[01m[K/home/usuario/Documentos/GitHub/IR2117/tb3_ws/src/obstacles/avoidance.cpp:82:5:[m[K [01;31m[Kerror: [m[Kexpected â€˜[01m[K}[m[Kâ€™ before â€˜[01m[Kelse[m[Kâ€™
   82 |     [01;31m[Kelse[m[K{
      |     [01;31m[K^~~~[m[K
[01m[K/home/usuario/Documentos/GitHub/IR2117/tb3_ws/src/obstacles/avoidance.cpp:45:29:[m[K [01;36m[Knote: [m[Kto match this â€˜[01m[K{[m[Kâ€™
   45 |     if(obstacle_front==true)[01;36m[K{[m[K
      |                             [01;36m[K^[m[K
make[2]: *** [CMakeFiles/avoidance.dir/build.make:63: CMakeFiles/avoidance.dir/avoidance.cpp.o] Error 1
make[1]: *** [CMakeFiles/Makefile2:107: CMakeFiles/avoidance.dir/all] Error 2
make: *** [Makefile:141: all] Error 2
