[0.030s] Invoking command in '/home/albertgm13/Documentos/GitHub/IR2117/tb3_ws/build/olympic': CMAKE_PREFIX_PATH=${CMAKE_PREFIX_PATH}:/opt/ros/foxy /usr/bin/cmake --build /home/albertgm13/Documentos/GitHub/IR2117/tb3_ws/build/olympic -- -j1 -l1
[0.085s] [35m[1mScanning dependencies of target rings[0m
[0.112s] [ 50%] [32mBuilding CXX object CMakeFiles/rings.dir/src/rings.cpp.o[0m
[1.217s] [01m[K/home/albertgm13/Documentos/GitHub/IR2117/tb3_ws/olympic/src/rings.cpp:[m[K In function â€˜[01m[Kint main(int, char**)[m[Kâ€™:
[1.217s] [01m[K/home/albertgm13/Documentos/GitHub/IR2117/tb3_ws/olympic/src/rings.cpp:51:46:[m[K [01;31m[Kerror: [m[Ktemplate argument 1 is invalid
[1.217s]    51 | rclcpp::Client<turtlesim/srv/TeleportAbsolute[01;31m[K>[m[K::SharedPtr cliteleportabs =node->create_client<turtlesim/srv/TeleportAbsolute>("/turtle1/teleport_absolute");
[1.217s]       |                                              [01;31m[K^[m[K
[1.218s] [01m[K/home/albertgm13/Documentos/GitHub/IR2117/tb3_ws/olympic/src/rings.cpp:51:59:[m[K [01;31m[Kerror: [m[Kqualified-id in declaration before â€˜[01m[Kcliteleportabs[m[Kâ€™
[1.218s]    51 | rclcpp::Client<turtlesim/srv/TeleportAbsolute>::SharedPtr [01;31m[Kcliteleportabs[m[K =node->create_client<turtlesim/srv/TeleportAbsolute>("/turtle1/teleport_absolute");
[1.218s]       |                                                           [01;31m[K^~~~~~~~~~~~~~[m[K
[1.218s] [01m[K/home/albertgm13/Documentos/GitHub/IR2117/tb3_ws/olympic/src/rings.cpp:53:30:[m[K [01;31m[Kerror: [m[Kparse error in template argument list
[1.218s]    53 |   auto reqteleportabs = std::[01;31m[Kmake_shared<turtlesim/srv/TeleportAbsolute::Request>[m[K();
[1.218s]       |                              [01;31m[K^~~~~~~~~~~~~~~~~~~~~~~~~~~~~~~~~~~~~~~~~~~~~~~~~~~~[m[K
[1.218s] [01m[K/home/albertgm13/Documentos/GitHub/IR2117/tb3_ws/olympic/src/rings.cpp:53:83:[m[K [01;31m[Kerror: [m[Kno matching function for call to â€˜[01m[Kmake_shared<<expression error> >()[m[Kâ€™
[1.218s]    53 |   auto reqteleportabs = std::make_shared<turtlesim/srv/TeleportAbsolute::Request>([01;31m[K)[m[K;
[1.219s]       |                                                                                   [01;31m[K^[m[K
[1.219s] In file included from [01m[K/usr/include/c++/9/memory:81[m[K,
[1.219s]                  from [01m[K/opt/ros/foxy/include/rclcpp/rclcpp.hpp:144[m[K,
[1.219s]                  from [01m[K/home/albertgm13/Documentos/GitHub/IR2117/tb3_ws/olympic/src/rings.cpp:2[m[K:
[1.219s] [01m[K/usr/include/c++/9/bits/shared_ptr.h:714:5:[m[K [01;36m[Knote: [m[Kcandidate: â€˜[01m[Ktemplate<class _Tp, class ... _Args> std::shared_ptr<_Tp> std::make_shared(_Args&& ...)[m[Kâ€™
[1.219s]   714 |     [01;36m[Kmake_shared[m[K(_Args&&... __args)
[1.219s]       |     [01;36m[K^~~~~~~~~~~[m[K
[1.219s] [01m[K/usr/include/c++/9/bits/shared_ptr.h:714:5:[m[K [01;36m[Knote: [m[K  template argument deduction/substitution failed:
[1.219s] [01m[K/home/albertgm13/Documentos/GitHub/IR2117/tb3_ws/olympic/src/rings.cpp:53:83:[m[K [01;31m[Kerror: [m[Ktemplate argument 1 is invalid
[1.220s]    53 |   auto reqteleportabs = std::make_shared<turtlesim/srv/TeleportAbsolute::Request>([01;31m[K)[m[K;
[1.220s]       |                                                                                   [01;31m[K^[m[K
[1.222s] [01m[K/home/albertgm13/Documentos/GitHub/IR2117/tb3_ws/olympic/src/rings.cpp:58:11:[m[K [01;31m[Kerror: [m[Kâ€˜[01m[Kcliteleportabs[m[Kâ€™ was not declared in this scope
[1.222s]    58 |   while (![01;31m[Kcliteleportabs[m[K->wait_for_service(1s)) {
[1.222s]       |           [01;31m[K^~~~~~~~~~~~~~[m[K
[1.224s] [01m[K/home/albertgm13/Documentos/GitHub/IR2117/tb3_ws/olympic/src/rings.cpp:66:28:[m[K [01;31m[Kerror: [m[Kâ€˜[01m[Kcliteleportabs[m[Kâ€™ was not declared in this scope; did you mean â€˜[01m[Kresultteleportabs[m[Kâ€™?
[1.225s]    66 |   auto resultteleportabs = [01;31m[Kcliteleportabs[m[K->async_send_request(reqteleportabs);
[1.225s]       |                            [01;31m[K^~~~~~~~~~~~~~[m[K
[1.225s]       |                            [32m[Kresultteleportabs[m[K
[2.131s] make[2]: *** [CMakeFiles/rings.dir/build.make:63: CMakeFiles/rings.dir/src/rings.cpp.o] Error 1
[2.132s] make[1]: *** [CMakeFiles/Makefile2:78: CMakeFiles/rings.dir/all] Error 2
[2.132s] make: *** [Makefile:141: all] Error 2
[2.135s] Invoked command in '/home/albertgm13/Documentos/GitHub/IR2117/tb3_ws/build/olympic' returned '2': CMAKE_PREFIX_PATH=${CMAKE_PREFIX_PATH}:/opt/ros/foxy /usr/bin/cmake --build /home/albertgm13/Documentos/GitHub/IR2117/tb3_ws/build/olympic -- -j1 -l1
