[0.029s] Invoking command in '/home/usuario/Documentos/GitHub/IR2117/tb3_ws/build/obstacles': CMAKE_PREFIX_PATH=${CMAKE_PREFIX_PATH}:/opt/ros/foxy /usr/bin/cmake --build /home/usuario/Documentos/GitHub/IR2117/tb3_ws/build/obstacles -- -j6 -l6
[0.059s] [35m[1mScanning dependencies of target avoidance[0m
[0.074s] [ 50%] Built target detector
[0.077s] [ 75%] [32mBuilding CXX object CMakeFiles/avoidance.dir/avoidance.cpp.o[0m
[1.188s] [01m[K/home/usuario/Documentos/GitHub/IR2117/tb3_ws/src/obstacles/avoidance.cpp:[m[K In function â€˜[01m[Kint main(int, char**)[m[Kâ€™:
[1.188s] [01m[K/home/usuario/Documentos/GitHub/IR2117/tb3_ws/src/obstacles/avoidance.cpp:78:5:[m[K [01;31m[Kerror: [m[Kexpected â€˜[01m[K}[m[Kâ€™ before â€˜[01m[Kelse[m[Kâ€™
[1.188s]    78 |     [01;31m[Kelse[m[K{
[1.188s]       |     [01;31m[K^~~~[m[K
[1.188s] [01m[K/home/usuario/Documentos/GitHub/IR2117/tb3_ws/src/obstacles/avoidance.cpp:44:29:[m[K [01;36m[Knote: [m[Kto match this â€˜[01m[K{[m[Kâ€™
[1.188s]    44 |     if(obstacle_front==true)[01;36m[K{[m[K
[1.188s]       |                             [01;36m[K^[m[K
[2.665s] make[2]: *** [CMakeFiles/avoidance.dir/build.make:63: CMakeFiles/avoidance.dir/avoidance.cpp.o] Error 1
[2.665s] make[1]: *** [CMakeFiles/Makefile2:107: CMakeFiles/avoidance.dir/all] Error 2
[2.665s] make: *** [Makefile:141: all] Error 2
[2.667s] Invoked command in '/home/usuario/Documentos/GitHub/IR2117/tb3_ws/build/obstacles' returned '2': CMAKE_PREFIX_PATH=${CMAKE_PREFIX_PATH}:/opt/ros/foxy /usr/bin/cmake --build /home/usuario/Documentos/GitHub/IR2117/tb3_ws/build/obstacles -- -j6 -l6
