[01m[K/home/albertgm13/Documentos/GitHub/IR2117/tb3_ws/olympic/src/rings.cpp:[m[K In function â€˜[01m[Kint main(int, char**)[m[Kâ€™:
[01m[K/home/albertgm13/Documentos/GitHub/IR2117/tb3_ws/olympic/src/rings.cpp:51:46:[m[K [01;31m[Kerror: [m[Ktemplate argument 1 is invalid
   51 | rclcpp::Client<turtlesim/srv/TeleportAbsolute[01;31m[K>[m[K::SharedPtr cliteleportabs =node->create_client<turtlesim/srv/TeleportAbsolute>("/turtle1/teleport_absolute");
      |                                              [01;31m[K^[m[K
[01m[K/home/albertgm13/Documentos/GitHub/IR2117/tb3_ws/olympic/src/rings.cpp:51:59:[m[K [01;31m[Kerror: [m[Kqualified-id in declaration before â€˜[01m[Kcliteleportabs[m[Kâ€™
   51 | rclcpp::Client<turtlesim/srv/TeleportAbsolute>::SharedPtr [01;31m[Kcliteleportabs[m[K =node->create_client<turtlesim/srv/TeleportAbsolute>("/turtle1/teleport_absolute");
      |                                                           [01;31m[K^~~~~~~~~~~~~~[m[K
[01m[K/home/albertgm13/Documentos/GitHub/IR2117/tb3_ws/olympic/src/rings.cpp:53:30:[m[K [01;31m[Kerror: [m[Kparse error in template argument list
   53 |   auto reqteleportabs = std::[01;31m[Kmake_shared<turtlesim/srv/TeleportAbsolute>[m[K::Request>();
      |                              [01;31m[K^~~~~~~~~~~~~~~~~~~~~~~~~~~~~~~~~~~~~~~~~~~[m[K
[01m[K/home/albertgm13/Documentos/GitHub/IR2117/tb3_ws/olympic/src/rings.cpp:53:30:[m[K [01;31m[Kerror: [m[Kfunction template-id â€˜[01m[Kmake_shared<<expression error> >[m[Kâ€™ in nested-name-specifier
In file included from [01m[K/usr/include/c++/9/memory:81[m[K,
                 from [01m[K/opt/ros/foxy/include/rclcpp/rclcpp.hpp:144[m[K,
                 from [01m[K/home/albertgm13/Documentos/GitHub/IR2117/tb3_ws/olympic/src/rings.cpp:2[m[K:
[01m[K/usr/include/c++/9/bits/shared_ptr.h:714:5:[m[K [01;36m[Knote: [m[Kâ€˜[01m[Ktemplate<class _Tp, class ... _Args> std::shared_ptr<_Tp> std::make_shared(_Args&& ...)[m[Kâ€™ declared here
  714 |     [01;36m[Kmake_shared[m[K(_Args&&... __args)
      |     [01;36m[K^~~~~~~~~~~[m[K
[01m[K/home/albertgm13/Documentos/GitHub/IR2117/tb3_ws/olympic/src/rings.cpp:53:84:[m[K [01;31m[Kerror: [m[Kexpected primary-expression before â€˜[01m[K)[m[Kâ€™ token
   53 |   auto reqteleportabs = std::make_shared<turtlesim/srv/TeleportAbsolute>::Request>([01;31m[K)[m[K;
      |                                                                                    [01;31m[K^[m[K
[01m[K/home/albertgm13/Documentos/GitHub/IR2117/tb3_ws/olympic/src/rings.cpp:58:11:[m[K [01;31m[Kerror: [m[Kâ€˜[01m[Kcliteleportabs[m[Kâ€™ was not declared in this scope
   58 |   while (![01;31m[Kcliteleportabs[m[K->wait_for_service(1s)) {
      |           [01;31m[K^~~~~~~~~~~~~~[m[K
[01m[K/home/albertgm13/Documentos/GitHub/IR2117/tb3_ws/olympic/src/rings.cpp:66:28:[m[K [01;31m[Kerror: [m[Kâ€˜[01m[Kcliteleportabs[m[Kâ€™ was not declared in this scope; did you mean â€˜[01m[Kresultteleportabs[m[Kâ€™?
   66 |   auto resultteleportabs = [01;31m[Kcliteleportabs[m[K->async_send_request(reqteleportabs);
      |                            [01;31m[K^~~~~~~~~~~~~~[m[K
      |                            [32m[Kresultteleportabs[m[K
make[2]: *** [CMakeFiles/rings.dir/build.make:63: CMakeFiles/rings.dir/src/rings.cpp.o] Error 1
make[1]: *** [CMakeFiles/Makefile2:78: CMakeFiles/rings.dir/all] Error 2
make: *** [Makefile:141: all] Error 2
