[01m[K/home/albertgm13/Documentos/GitHub/IR2117/tb3_ws/src/obstacles/detector.cpp:[m[K In function â€˜[01m[Kvoid callback(sensor_msgs::msg::LaserScan_<std::allocator<void> >::SharedPtr)[m[Kâ€™:
[01m[K/home/albertgm13/Documentos/GitHub/IR2117/tb3_ws/src/obstacles/detector.cpp:15:14:[m[K [01;31m[Kerror: [m[Kâ€˜[01m[Kobs_angle_min[m[Kâ€™ was not declared in this scope
   15 |   if((angle>=[01;31m[Kobs_angle_min[m[K) and (angle<=obs_angle_max)){
      |              [01;31m[K^~~~~~~~~~~~~[m[K
[01m[K/home/albertgm13/Documentos/GitHub/IR2117/tb3_ws/src/obstacles/detector.cpp:15:41:[m[K [01;31m[Kerror: [m[Kâ€˜[01m[Kobs_angle_max[m[Kâ€™ was not declared in this scope
   15 |   if((angle>=obs_angle_min) and (angle<=[01;31m[Kobs_angle_max[m[K)){
      |                                         [01;31m[K^~~~~~~~~~~~~[m[K
[01m[K/home/albertgm13/Documentos/GitHub/IR2117/tb3_ws/src/obstacles/detector.cpp:17:14:[m[K [01;31m[Kerror: [m[Kâ€˜[01m[Kobs_distlimite[m[Kâ€™ was not declared in this scope
   17 |    if(range<=[01;31m[Kobs_distlimite[m[K)
      |              [01;31m[K^~~~~~~~~~~~~~[m[K
[01m[K/home/albertgm13/Documentos/GitHub/IR2117/tb3_ws/src/obstacles/detector.cpp:[m[K In function â€˜[01m[Kint main(int, char**)[m[Kâ€™:
[01m[K/home/albertgm13/Documentos/GitHub/IR2117/tb3_ws/src/obstacles/detector.cpp:37:10:[m[K [01;35m[Kwarning: [m[Kunused variable â€˜[01m[Kobs_angle_min[m[Kâ€™ [[01;35m[K-Wunused-variable[m[K]
   37 |   double [01;35m[Kobs_angle_min[m[K=node->get_parameter("obs_angle_min").get_parameter_value().get<double>();
      |          [01;35m[K^~~~~~~~~~~~~[m[K
[01m[K/home/albertgm13/Documentos/GitHub/IR2117/tb3_ws/src/obstacles/detector.cpp:38:10:[m[K [01;35m[Kwarning: [m[Kunused variable â€˜[01m[Kobs_angle_max[m[Kâ€™ [[01;35m[K-Wunused-variable[m[K]
   38 |   double [01;35m[Kobs_angle_max[m[K=node->get_parameter("obs_angle_max").get_parameter_value().get<double>();
      |          [01;35m[K^~~~~~~~~~~~~[m[K
[01m[K/home/albertgm13/Documentos/GitHub/IR2117/tb3_ws/src/obstacles/detector.cpp:39:10:[m[K [01;35m[Kwarning: [m[Kunused variable â€˜[01m[Kobs_distlimite[m[Kâ€™ [[01;35m[K-Wunused-variable[m[K]
   39 |   double [01;35m[Kobs_distlimite[m[K=node->get_parameter("obs_distlimite").get_parameter_value().get<double>();
      |          [01;35m[K^~~~~~~~~~~~~~[m[K
make[2]: *** [CMakeFiles/detector.dir/build.make:63: CMakeFiles/detector.dir/detector.cpp.o] Error 1
make[1]: *** [CMakeFiles/Makefile2:78: CMakeFiles/detector.dir/all] Error 2
make: *** [Makefile:141: all] Error 2
