[0.010s] Invoking command in '/home/albertgm13/Documentos/GitHub/IR2117/tb3_ws/build/obstacles': CMAKE_PREFIX_PATH=${CMAKE_PREFIX_PATH}:/opt/ros/foxy /usr/bin/cmake --build /home/albertgm13/Documentos/GitHub/IR2117/tb3_ws/build/obstacles -- -j1 -l1
[0.076s] [35m[1mScanning dependencies of target detector[0m
[0.099s] [ 50%] [32mBuilding CXX object CMakeFiles/detector.dir/detector.cpp.o[0m
[1.233s] [01m[K/home/albertgm13/Documentos/GitHub/IR2117/tb3_ws/src/obstacles/detector.cpp:[m[K In function â€˜[01m[Kvoid callback(sensor_msgs::msg::LaserScan_<std::allocator<void> >::SharedPtr)[m[Kâ€™:
[1.233s] [01m[K/home/albertgm13/Documentos/GitHub/IR2117/tb3_ws/src/obstacles/detector.cpp:15:14:[m[K [01;31m[Kerror: [m[Kâ€˜[01m[Kobs_angle_min[m[Kâ€™ was not declared in this scope
[1.233s]    15 |   if((angle>=[01;31m[Kobs_angle_min[m[K) and (angle<=obs_angle_max)){
[1.235s]       |              [01;31m[K^~~~~~~~~~~~~[m[K
[1.237s] [01m[K/home/albertgm13/Documentos/GitHub/IR2117/tb3_ws/src/obstacles/detector.cpp:15:41:[m[K [01;31m[Kerror: [m[Kâ€˜[01m[Kobs_angle_max[m[Kâ€™ was not declared in this scope
[1.237s]    15 |   if((angle>=obs_angle_min) and (angle<=[01;31m[Kobs_angle_max[m[K)){
[1.238s]       |                                         [01;31m[K^~~~~~~~~~~~~[m[K
[1.240s] [01m[K/home/albertgm13/Documentos/GitHub/IR2117/tb3_ws/src/obstacles/detector.cpp:17:14:[m[K [01;31m[Kerror: [m[Kâ€˜[01m[Kobs_distlimite[m[Kâ€™ was not declared in this scope
[1.240s]    17 |    if(range<=[01;31m[Kobs_distlimite[m[K)
[1.240s]       |              [01;31m[K^~~~~~~~~~~~~~[m[K
[1.263s] [01m[K/home/albertgm13/Documentos/GitHub/IR2117/tb3_ws/src/obstacles/detector.cpp:[m[K In function â€˜[01m[Kint main(int, char**)[m[Kâ€™:
[1.263s] [01m[K/home/albertgm13/Documentos/GitHub/IR2117/tb3_ws/src/obstacles/detector.cpp:37:10:[m[K [01;35m[Kwarning: [m[Kunused variable â€˜[01m[Kobs_angle_min[m[Kâ€™ [[01;35m[K-Wunused-variable[m[K]
[1.263s]    37 |   double [01;35m[Kobs_angle_min[m[K=node->get_parameter("obs_angle_min").get_parameter_value().get<double>();
[1.263s]       |          [01;35m[K^~~~~~~~~~~~~[m[K
[1.263s] [01m[K/home/albertgm13/Documentos/GitHub/IR2117/tb3_ws/src/obstacles/detector.cpp:38:10:[m[K [01;35m[Kwarning: [m[Kunused variable â€˜[01m[Kobs_angle_max[m[Kâ€™ [[01;35m[K-Wunused-variable[m[K]
[1.263s]    38 |   double [01;35m[Kobs_angle_max[m[K=node->get_parameter("obs_angle_max").get_parameter_value().get<double>();
[1.263s]       |          [01;35m[K^~~~~~~~~~~~~[m[K
[1.264s] [01m[K/home/albertgm13/Documentos/GitHub/IR2117/tb3_ws/src/obstacles/detector.cpp:39:10:[m[K [01;35m[Kwarning: [m[Kunused variable â€˜[01m[Kobs_distlimite[m[Kâ€™ [[01;35m[K-Wunused-variable[m[K]
[1.264s]    39 |   double [01;35m[Kobs_distlimite[m[K=node->get_parameter("obs_distlimite").get_parameter_value().get<double>();
[1.264s]       |          [01;35m[K^~~~~~~~~~~~~~[m[K
[2.660s] make[2]: *** [CMakeFiles/detector.dir/build.make:63: CMakeFiles/detector.dir/detector.cpp.o] Error 1
[2.664s] make[1]: *** [CMakeFiles/Makefile2:78: CMakeFiles/detector.dir/all] Error 2
[2.664s] make: *** [Makefile:141: all] Error 2
[2.664s] Invoked command in '/home/albertgm13/Documentos/GitHub/IR2117/tb3_ws/build/obstacles' returned '2': CMAKE_PREFIX_PATH=${CMAKE_PREFIX_PATH}:/opt/ros/foxy /usr/bin/cmake --build /home/albertgm13/Documentos/GitHub/IR2117/tb3_ws/build/obstacles -- -j1 -l1
